[0m[[0m[0mdebug[0m] [0m[0m> Exec(test, None, None)[0m
[0m[[0m[0mdebug[0m] [0m[0mEvaluating tasks: Test / test[0m
[0m[[0m[0mdebug[0m] [0m[0mRunning task... Cancel: Signal, check cycles: false, forcegc: true[0m
[0m[[0m[0minfo[0m] [0m[0mcompiling 5 Scala sources to /home/guanjinlong/PCIe/target/scala-2.13/classes ...[0m
[0m[[0m[31merror[0m] [0m[0m/home/guanjinlong/PCIe/src/main/scala/PCIe/AXI2TL.scala:4:8: not found: object chipsalliance[0m
[0m[[0m[31merror[0m] [0m[0mimport chipsalliance.rocketchip.config.Parameters[0m
[0m[[0m[31merror[0m] [0m[0m       ^[0m
[0m[[0m[31merror[0m] [0m[0m/home/guanjinlong/PCIe/src/main/scala/PCIe/AXI2TL.scala:7:28: not found: type Parameters[0m
[0m[[0m[31merror[0m] [0m[0mclass AXI2TL() (implicit p:Parameters) extends Module{[0m
[0m[[0m[31merror[0m] [0m[0m                           ^[0m
[0m[[0m[31merror[0m] [0m[0m/home/guanjinlong/PCIe/src/main/scala/PCIe/AXI2TLPCIe.scala:4:8: not found: object chipsalliance[0m
[0m[[0m[31merror[0m] [0m[0mimport chipsalliance.rocketchip.config.Parameters[0m
[0m[[0m[31merror[0m] [0m[0m       ^[0m
[0m[[0m[31merror[0m] [0m[0m/home/guanjinlong/PCIe/src/main/scala/PCIe/AXI2TLPCIe.scala:11:31: not found: type Parameters[0m
[0m[[0m[31merror[0m] [0m[0mclass AXI2TLPCIe()(implicit p:Parameters) extends Module{[0m
[0m[[0m[31merror[0m] [0m[0m                              ^[0m
[0m[[0m[31merror[0m] [0m[0m/home/guanjinlong/PCIe/src/main/scala/PCIe/AXI2TLPCIe.scala:13:38: not found: type AXIRequest[0m
[0m[[0m[31merror[0m] [0m[0m    val in = Flipped(DecoupledIO(new AXIRequest))[0m
[0m[[0m[31merror[0m] [0m[0m                                     ^[0m
[0m[[0m[31merror[0m] [0m[0m/home/guanjinlong/PCIe/src/main/scala/PCIe/AXI2TLPCIe.scala:14:31: not found: type TLRequest[0m
[0m[[0m[31merror[0m] [0m[0m    val out = DecoupledIO(new TLRequest)[0m
[0m[[0m[31merror[0m] [0m[0m                              ^[0m
[0m[[0m[31merror[0m] [0m[0m/home/guanjinlong/PCIe/src/main/scala/PCIe/TL2AXI.scala:4:8: not found: object chipsalliance[0m
[0m[[0m[31merror[0m] [0m[0mimport chipsalliance.rocketchip.config.Parameters[0m
[0m[[0m[31merror[0m] [0m[0m       ^[0m
[0m[[0m[31merror[0m] [0m[0m/home/guanjinlong/PCIe/src/main/scala/PCIe/TL2AXI.scala:7:8: not found: object utility[0m
[0m[[0m[31merror[0m] [0m[0mimport utility._[0m
[0m[[0m[31merror[0m] [0m[0m       ^[0m
[0m[[0m[31merror[0m] [0m[0m/home/guanjinlong/PCIe/src/main/scala/PCIe/TL2AXI.scala:10:65: not found: type Parameters[0m
[0m[[0m[31merror[0m] [0m[0mclass TL2AXI (flow: Boolean = true,entries:Int = 16)(implicit p:Parameters) extends Module[0m
[0m[[0m[31merror[0m] [0m[0m                                                                ^[0m
[0m[[0m[31merror[0m] [0m[0m9 errors found[0m
[0m[[0m[31merror[0m] [0m[0m(Compile / [31mcompileIncremental[0m) Compilation failed[0m
[0m[[0m[31merror[0m] [0m[0mTotal time: 0 s, completed 2023å¹´7æœˆ13æ—¥ ä¸‹åˆ4:58:58[0m
[0m[[0m[0mdebug[0m] [0m[0m> Exec(idea-shell, None, None)[0m
[0m[[0m[0mdebug[0m] [0m[0m> Exec(, None, None)[0m
[0m[[0m[0mdebug[0m] [0m[0m> Exec(idea-shell, None, None)[0m
[0m[[0m[0mdebug[0m] [0m[0m> Exec(, None, None)[0m
[0m[[0m[0mdebug[0m] [0m[0m> Exec(idea-shell, None, None)[0m
[0m[[0m[0mdebug[0m] [0m[0m> Exec(, None, None)[0m
[0m[[0m[0mdebug[0m] [0m[0m> Exec(idea-shell, None, None)[0m
